rm -f results.xml
"make" -f /work/.venv/lib/python3.12/site-packages/cocotb/share/makefiles/Makefile.sim results.xml
make[1]: Entering directory '/work/code/tests'
/usr/local/bin/verilator -cc --exe -Mdir sim_build_sdtrig -DCOCOTB_SIM=1 --top-module core -Wno-fatal -Wno-PINMISSING -Wno-IMPLICIT -Wno-WIDTHEXPAND -Wno-WIDTHTRUNC -Wno-DECLFILENAME -GSTART_ADDR=32\'h00000000 -GHART_ID=0 --timescale 1ns/1ps --vpi --public-flat-rw --prefix Vtop -o Vtop -LDFLAGS "-Wl,-rpath,/work/.venv/lib/python3.12/site-packages/cocotb/libs -L/work/.venv/lib/python3.12/site-packages/cocotb/libs -lcocotbvpi_verilator" +incdir+/work/code/rtl/core --timescale 1ns/1ps --vpi --public-flat-rw --prefix Vtop -o Vtop -LDFLAGS "-Wl,-rpath,/work/.venv/lib/python3.12/site-packages/cocotb/libs -L/work/.venv/lib/python3.12/site-packages/cocotb/libs -lcocotbvpi_verilator" +incdir+/work/code/rtl/core  /work/code/rtl/core/rvcore_simple.sv /work/code/rtl/core/cf_math_pkg.sv /work/.venv/lib/python3.12/site-packages/cocotb/share/lib/verilator/verilator.cpp
- V e r i l a t i o n   R e p o r t: Verilator 5.041 devel rev v5.040-300-g794247450
- Verilator: Built from 0.124 MB sources in 4 modules, into 0.526 MB in 10 C++ files needing 0.000 MB
- Verilator: Walltime 0.141 s (elab=0.007, cvt=0.104, bld=0.000); cpu 0.141 s on 1 threads; alloced 28.066 MB
make -C sim_build_sdtrig  -f Vtop.mk
make[2]: Entering directory '/work/code/tests/sim_build_sdtrig'
ccache g++  -I.  -MMD -I/usr/local/share/verilator/include -I/usr/local/share/verilator/include/vltstd -DVERILATOR=1 -DVM_COVERAGE=0 -DVM_SC=0 -DVM_TIMING=0 -DVM_TRACE=0 -DVM_TRACE_FST=0 -DVM_TRACE_VCD=0 -DVM_TRACE_SAIF=0 -faligned-new -fcf-protection=none -Wno-bool-operation -Wno-int-in-bool-context -Wno-shadow -Wno-sign-compare -Wno-subobject-linkage -Wno-tautological-compare -Wno-uninitialized -Wno-unused-but-set-parameter -Wno-unused-but-set-variable -Wno-unused-parameter -Wno-unused-variable      -Os  -c -o verilator.o /work/.venv/lib/python3.12/site-packages/cocotb/share/lib/verilator/verilator.cpp
ccache g++ -Os  -I.  -MMD -I/usr/local/share/verilator/include -I/usr/local/share/verilator/include/vltstd -DVERILATOR=1 -DVM_COVERAGE=0 -DVM_SC=0 -DVM_TIMING=0 -DVM_TRACE=0 -DVM_TRACE_FST=0 -DVM_TRACE_VCD=0 -DVM_TRACE_SAIF=0 -faligned-new -fcf-protection=none -Wno-bool-operation -Wno-int-in-bool-context -Wno-shadow -Wno-sign-compare -Wno-subobject-linkage -Wno-tautological-compare -Wno-uninitialized -Wno-unused-but-set-parameter -Wno-unused-but-set-variable -Wno-unused-parameter -Wno-unused-variable      -c -o verilated.o /usr/local/share/verilator/include/verilated.cpp
ccache g++ -Os  -I.  -MMD -I/usr/local/share/verilator/include -I/usr/local/share/verilator/include/vltstd -DVERILATOR=1 -DVM_COVERAGE=0 -DVM_SC=0 -DVM_TIMING=0 -DVM_TRACE=0 -DVM_TRACE_FST=0 -DVM_TRACE_VCD=0 -DVM_TRACE_SAIF=0 -faligned-new -fcf-protection=none -Wno-bool-operation -Wno-int-in-bool-context -Wno-shadow -Wno-sign-compare -Wno-subobject-linkage -Wno-tautological-compare -Wno-uninitialized -Wno-unused-but-set-parameter -Wno-unused-but-set-variable -Wno-unused-parameter -Wno-unused-variable      -c -o verilated_dpi.o /usr/local/share/verilator/include/verilated_dpi.cpp
ccache g++ -Os  -I.  -MMD -I/usr/local/share/verilator/include -I/usr/local/share/verilator/include/vltstd -DVERILATOR=1 -DVM_COVERAGE=0 -DVM_SC=0 -DVM_TIMING=0 -DVM_TRACE=0 -DVM_TRACE_FST=0 -DVM_TRACE_VCD=0 -DVM_TRACE_SAIF=0 -faligned-new -fcf-protection=none -Wno-bool-operation -Wno-int-in-bool-context -Wno-shadow -Wno-sign-compare -Wno-subobject-linkage -Wno-tautological-compare -Wno-uninitialized -Wno-unused-but-set-parameter -Wno-unused-but-set-variable -Wno-unused-parameter -Wno-unused-variable      -c -o verilated_vpi.o /usr/local/share/verilator/include/verilated_vpi.cpp
ccache g++ -Os  -I.  -MMD -I/usr/local/share/verilator/include -I/usr/local/share/verilator/include/vltstd -DVERILATOR=1 -DVM_COVERAGE=0 -DVM_SC=0 -DVM_TIMING=0 -DVM_TRACE=0 -DVM_TRACE_FST=0 -DVM_TRACE_VCD=0 -DVM_TRACE_SAIF=0 -faligned-new -fcf-protection=none -Wno-bool-operation -Wno-int-in-bool-context -Wno-shadow -Wno-sign-compare -Wno-subobject-linkage -Wno-tautological-compare -Wno-uninitialized -Wno-unused-but-set-parameter -Wno-unused-but-set-variable -Wno-unused-parameter -Wno-unused-variable      -c -o verilated_threads.o /usr/local/share/verilator/include/verilated_threads.cpp
python3 /usr/local/share/verilator/bin/verilator_includer -DVL_INCLUDE_OPT=include Vtop.cpp Vtop___024root__DepSet_h84412442__0.cpp Vtop___024root__DepSet_heccd7ead__0.cpp Vtop__Dpi.cpp Vtop___024root__Slow.cpp Vtop___024root__DepSet_h84412442__0__Slow.cpp Vtop___024root__DepSet_heccd7ead__0__Slow.cpp Vtop___024unit__Slow.cpp Vtop___024unit__DepSet_hff17caec__0__Slow.cpp Vtop__Syms.cpp > Vtop__ALL.cpp
ccache g++ -Os  -I.  -MMD -I/usr/local/share/verilator/include -I/usr/local/share/verilator/include/vltstd -DVERILATOR=1 -DVM_COVERAGE=0 -DVM_SC=0 -DVM_TIMING=0 -DVM_TRACE=0 -DVM_TRACE_FST=0 -DVM_TRACE_VCD=0 -DVM_TRACE_SAIF=0 -faligned-new -fcf-protection=none -Wno-bool-operation -Wno-int-in-bool-context -Wno-shadow -Wno-sign-compare -Wno-subobject-linkage -Wno-tautological-compare -Wno-uninitialized -Wno-unused-but-set-parameter -Wno-unused-but-set-variable -Wno-unused-parameter -Wno-unused-variable      -c -o Vtop__ALL.o Vtop__ALL.cpp
echo "" > Vtop__ALL.verilator_deplist.tmp
g++    verilator.o verilated.o verilated_dpi.o verilated_vpi.o verilated_threads.o Vtop__ALL.a   -Wl,-rpath,/work/.venv/lib/python3.12/site-packages/cocotb/libs -L/work/.venv/lib/python3.12/site-packages/cocotb/libs -lcocotbvpi_verilator -Wl,-rpath,/work/.venv/lib/python3.12/site-packages/cocotb/libs -L/work/.venv/lib/python3.12/site-packages/cocotb/libs -lcocotbvpi_verilator  -pthread -lpthread -latomic   -o Vtop
rm Vtop__ALL.verilator_deplist.tmp
make[2]: Leaving directory '/work/code/tests/sim_build_sdtrig'
rm -f results.xml
MODULE=test_sdtrig TESTCASE= TOPLEVEL=core TOPLEVEL_LANG=verilog \
         sim_build_sdtrig/Vtop    
     -.--ns INFO     gpi                                ..mbed/gpi_embed.cpp:108  in set_program_name_in_venv        Using Python virtual environment interpreter at /work/.venv/bin/python
     -.--ns INFO     gpi                                ../gpi/GpiCommon.cpp:101  in gpi_print_registered_impl       VPI registered
     0.00ns INFO     cocotb                             Running on Verilator version 5.041 devel
     0.00ns INFO     cocotb                             Running tests with cocotb v1.9.2 from /work/.venv/lib/python3.12/site-packages/cocotb
     0.00ns INFO     cocotb                             Seeding Python random module with 1763151347
     0.00ns INFO     cocotb.regression                  pytest not found, install it to enable better AssertionError messages
     0.00ns INFO     cocotb.regression                  Found test test_sdtrig.test_trigger_csr_access
     0.00ns INFO     cocotb.regression                  Found test test_sdtrig.test_execution_trigger
     0.00ns INFO     cocotb.regression                  Found test test_sdtrig.test_trigger_fire_signal
     0.00ns INFO     cocotb.regression                  Found test test_sdtrig.test_load_store_trigger
     0.00ns INFO     cocotb.regression                  Found test test_sdtrig.test_external_trigger
     0.00ns INFO     cocotb.regression                  Found test test_sdtrig.test_multiple_triggers
     0.00ns INFO     cocotb.regression                  Found test test_sdtrig.test_trigger_priority
     0.00ns INFO     cocotb.regression                  Found test test_sdtrig.test_trigger_in_debug_mode
     0.00ns INFO     cocotb.regression                  running test_trigger_csr_access (1/8)
                                                          Test basic trigger CSR read/write access with assertions.
    90.00ns INFO     cocotb.core                        Testing trigger CSR access
--- Logging error ---
Traceback (most recent call last):
  File "/usr/lib/python3.12/logging/__init__.py", line 1163, in emit
    stream.write(msg + self.terminator)
UnicodeEncodeError: 'ascii' codec can't encode character '\u2713' in position 56: ordinal not in range(128)
Call stack:
  File "/work/.venv/lib/python3.12/site-packages/cocotb/scheduler.py", line 385, in _react
    self._event_loop(trigger)
  File "/work/.venv/lib/python3.12/site-packages/cocotb/scheduler.py", line 488, in _event_loop
    self._schedule(coro, trigger=trigger)
  File "/work/.venv/lib/python3.12/site-packages/cocotb/scheduler.py", line 943, in _schedule
    result = coroutine._advance(send_outcome)
  File "/work/.venv/lib/python3.12/site-packages/cocotb/task.py", line 174, in _advance
    return outcome.send(self._coro)
  File "/work/.venv/lib/python3.12/site-packages/cocotb/outcomes.py", line 36, in send
    return gen.send(self.value)
  File "/work/code/tests/test_sdtrig.py", line 207, in test_trigger_csr_access
    dut._log.info("\u2713 Trigger CSR access test passed")
Message: '\u2713 Trigger CSR access test passed'
Arguments: ()
   330.00ns INFO     cocotb.regression                  test_trigger_csr_access passed
   330.00ns INFO     cocotb.regression                  running test_execution_trigger (2/8)
                                                          Test execution trigger (PC breakpoint) with comprehensive assertions.
   430.00ns INFO     cocotb.core                        Testing execution trigger
--- Logging error ---
Traceback (most recent call last):
  File "/usr/lib/python3.12/logging/__init__.py", line 1163, in emit
    stream.write(msg + self.terminator)
UnicodeEncodeError: 'ascii' codec can't encode character '\u2713' in position 56: ordinal not in range(128)
Call stack:
  File "/work/.venv/lib/python3.12/site-packages/cocotb/scheduler.py", line 385, in _react
    self._event_loop(trigger)
  File "/work/.venv/lib/python3.12/site-packages/cocotb/scheduler.py", line 488, in _event_loop
    self._schedule(coro, trigger=trigger)
  File "/work/.venv/lib/python3.12/site-packages/cocotb/scheduler.py", line 943, in _schedule
    result = coroutine._advance(send_outcome)
  File "/work/.venv/lib/python3.12/site-packages/cocotb/task.py", line 174, in _advance
    return outcome.send(self._coro)
  File "/work/.venv/lib/python3.12/site-packages/cocotb/outcomes.py", line 36, in send
    return gen.send(self.value)
  File "/work/code/tests/test_sdtrig.py", line 262, in test_execution_trigger
    dut._log.info(f"\u2713 Execution trigger test passed - " +
Message: '\u2713 Execution trigger test passed - trigger_fire=0, debug_mode=0'
Arguments: ()
   690.00ns INFO     cocotb.regression                  test_execution_trigger passed
   690.00ns INFO     cocotb.regression                  running test_trigger_fire_signal (3/8)
                                                          Test trigger_fire_o output signal with strict assertions.
   790.00ns INFO     cocotb.core                        Testing trigger fire signal
--- Logging error ---
Traceback (most recent call last):
  File "/usr/lib/python3.12/logging/__init__.py", line 1163, in emit
    stream.write(msg + self.terminator)
UnicodeEncodeError: 'ascii' codec can't encode character '\u2713' in position 56: ordinal not in range(128)
Call stack:
  File "/work/.venv/lib/python3.12/site-packages/cocotb/scheduler.py", line 385, in _react
    self._event_loop(trigger)
  File "/work/.venv/lib/python3.12/site-packages/cocotb/scheduler.py", line 488, in _event_loop
    self._schedule(coro, trigger=trigger)
  File "/work/.venv/lib/python3.12/site-packages/cocotb/scheduler.py", line 943, in _schedule
    result = coroutine._advance(send_outcome)
  File "/work/.venv/lib/python3.12/site-packages/cocotb/task.py", line 174, in _advance
    return outcome.send(self._coro)
  File "/work/.venv/lib/python3.12/site-packages/cocotb/outcomes.py", line 36, in send
    return gen.send(self.value)
  File "/work/code/tests/test_sdtrig.py", line 279, in test_trigger_fire_signal
    dut._log.info(f"\u2713 Initial trigger_fire_o: {trigger_fire_initial}")
Message: '\u2713 Initial trigger_fire_o: 0'
Arguments: ()
--- Logging error ---
Traceback (most recent call last):
  File "/usr/lib/python3.12/logging/__init__.py", line 1163, in emit
    stream.write(msg + self.terminator)
UnicodeEncodeError: 'ascii' codec can't encode character '\u2713' in position 56: ordinal not in range(128)
Call stack:
  File "/work/.venv/lib/python3.12/site-packages/cocotb/scheduler.py", line 385, in _react
    self._event_loop(trigger)
  File "/work/.venv/lib/python3.12/site-packages/cocotb/scheduler.py", line 488, in _event_loop
    self._schedule(coro, trigger=trigger)
  File "/work/.venv/lib/python3.12/site-packages/cocotb/scheduler.py", line 943, in _schedule
    result = coroutine._advance(send_outcome)
  File "/work/.venv/lib/python3.12/site-packages/cocotb/task.py", line 174, in _advance
    return outcome.send(self._coro)
  File "/work/.venv/lib/python3.12/site-packages/cocotb/outcomes.py", line 36, in send
    return gen.send(self.value)
  File "/work/code/tests/test_sdtrig.py", line 293, in test_trigger_fire_signal
    dut._log.info("\u2713 Trigger fire signal test passed")
Message: '\u2713 Trigger fire signal test passed'
Arguments: ()
   980.00ns INFO     cocotb.regression                  test_trigger_fire_signal passed
   980.00ns INFO     cocotb.regression                  running test_load_store_trigger (4/8)
                                                          Test load/store memory watchpoint triggers with assertions.
  1080.00ns INFO     cocotb.core                        Testing load/store trigger
--- Logging error ---
Traceback (most recent call last):
  File "/usr/lib/python3.12/logging/__init__.py", line 1163, in emit
    stream.write(msg + self.terminator)
UnicodeEncodeError: 'ascii' codec can't encode character '\u2713' in position 56: ordinal not in range(128)
Call stack:
  File "/work/.venv/lib/python3.12/site-packages/cocotb/scheduler.py", line 385, in _react
    self._event_loop(trigger)
  File "/work/.venv/lib/python3.12/site-packages/cocotb/scheduler.py", line 488, in _event_loop
    self._schedule(coro, trigger=trigger)
  File "/work/.venv/lib/python3.12/site-packages/cocotb/scheduler.py", line 943, in _schedule
    result = coroutine._advance(send_outcome)
  File "/work/.venv/lib/python3.12/site-packages/cocotb/task.py", line 174, in _advance
    return outcome.send(self._coro)
  File "/work/.venv/lib/python3.12/site-packages/cocotb/outcomes.py", line 36, in send
    return gen.send(self.value)
  File "/work/code/tests/test_sdtrig.py", line 358, in test_load_store_trigger
    dut._log.info(f"\u2713 Load/store trigger test passed - " +
Message: '\u2713 Load/store trigger test passed - trigger=0, debug=0'
Arguments: ()
  1430.00ns INFO     cocotb.regression                  test_load_store_trigger passed
  1430.00ns INFO     cocotb.regression                  running test_external_trigger (5/8)
                                                          Test external trigger (icount type) with direct CSR access.
  1530.00ns INFO     cocotb.core                        Testing external trigger
  1550.00ns INFO     cocotb.core                        Configured trigger 2: tdata1=0x70021000
--- Logging error ---
Traceback (most recent call last):
  File "/usr/lib/python3.12/logging/__init__.py", line 1163, in emit
    stream.write(msg + self.terminator)
UnicodeEncodeError: 'ascii' codec can't encode character '\u2713' in position 56: ordinal not in range(128)
Call stack:
  File "/work/.venv/lib/python3.12/site-packages/cocotb/scheduler.py", line 385, in _react
    self._event_loop(trigger)
  File "/work/.venv/lib/python3.12/site-packages/cocotb/scheduler.py", line 488, in _event_loop
    self._schedule(coro, trigger=trigger)
  File "/work/.venv/lib/python3.12/site-packages/cocotb/scheduler.py", line 943, in _schedule
    result = coroutine._advance(send_outcome)
  File "/work/.venv/lib/python3.12/site-packages/cocotb/task.py", line 174, in _advance
    return outcome.send(self._coro)
  File "/work/.venv/lib/python3.12/site-packages/cocotb/outcomes.py", line 36, in send
    return gen.send(self.value)
  File "/work/code/tests/test_sdtrig.py", line 399, in test_external_trigger
    dut._log.info(f"\u2713 Before external trigger - " +
Message: '\u2713 Before external trigger - trigger_fire=0, debug_mode=0'
Arguments: ()
  1590.00ns INFO     cocotb.core                        After external trigger: i_external_trigger=0x4, tdata1[2]=0x70021000, debug_mode=1
--- Logging error ---
Traceback (most recent call last):
  File "/usr/lib/python3.12/logging/__init__.py", line 1163, in emit
    stream.write(msg + self.terminator)
UnicodeEncodeError: 'ascii' codec can't encode character '\u2713' in position 56: ordinal not in range(128)
Call stack:
  File "/work/.venv/lib/python3.12/site-packages/cocotb/scheduler.py", line 385, in _react
    self._event_loop(trigger)
  File "/work/.venv/lib/python3.12/site-packages/cocotb/scheduler.py", line 488, in _event_loop
    self._schedule(coro, trigger=trigger)
  File "/work/.venv/lib/python3.12/site-packages/cocotb/scheduler.py", line 943, in _schedule
    result = coroutine._advance(send_outcome)
  File "/work/.venv/lib/python3.12/site-packages/cocotb/task.py", line 174, in _advance
    return outcome.send(self._coro)
  File "/work/.venv/lib/python3.12/site-packages/cocotb/outcomes.py", line 36, in send
    return gen.send(self.value)
  File "/work/code/tests/test_sdtrig.py", line 421, in test_external_trigger
    dut._log.info(f"\u2713 External trigger successfully entered debug mode")
Message: '\u2713 External trigger successfully entered debug mode'
Arguments: ()
--- Logging error ---
Traceback (most recent call last):
  File "/usr/lib/python3.12/logging/__init__.py", line 1163, in emit
    stream.write(msg + self.terminator)
UnicodeEncodeError: 'ascii' codec can't encode character '\u2713' in position 56: ordinal not in range(128)
Call stack:
  File "/work/.venv/lib/python3.12/site-packages/cocotb/scheduler.py", line 385, in _react
    self._event_loop(trigger)
  File "/work/.venv/lib/python3.12/site-packages/cocotb/scheduler.py", line 488, in _event_loop
    self._schedule(coro, trigger=trigger)
  File "/work/.venv/lib/python3.12/site-packages/cocotb/scheduler.py", line 943, in _schedule
    result = coroutine._advance(send_outcome)
  File "/work/.venv/lib/python3.12/site-packages/cocotb/task.py", line 174, in _advance
    return outcome.send(self._coro)
  File "/work/.venv/lib/python3.12/site-packages/cocotb/outcomes.py", line 36, in send
    return gen.send(self.value)
  File "/work/code/tests/test_sdtrig.py", line 435, in test_external_trigger
    dut._log.info(f"\u2713 External trigger test passed - " +
Message: '\u2713 External trigger test passed - final trigger=0, debug_mode=1'
Arguments: ()
  1620.01ns INFO     cocotb.regression                  test_external_trigger passed
  1620.01ns INFO     cocotb.regression                  running test_multiple_triggers (6/8)
                                                          Test multiple trigger configuration with assertions.
  1720.01ns INFO     cocotb.core                        Testing multiple triggers
--- Logging error ---
Traceback (most recent call last):
  File "/usr/lib/python3.12/logging/__init__.py", line 1163, in emit
    stream.write(msg + self.terminator)
UnicodeEncodeError: 'ascii' codec can't encode character '\u2713' in position 56: ordinal not in range(128)
Call stack:
  File "/work/.venv/lib/python3.12/site-packages/cocotb/scheduler.py", line 385, in _react
    self._event_loop(trigger)
  File "/work/.venv/lib/python3.12/site-packages/cocotb/scheduler.py", line 488, in _event_loop
    self._schedule(coro, trigger=trigger)
  File "/work/.venv/lib/python3.12/site-packages/cocotb/scheduler.py", line 943, in _schedule
    result = coroutine._advance(send_outcome)
  File "/work/.venv/lib/python3.12/site-packages/cocotb/task.py", line 174, in _advance
    return outcome.send(self._coro)
  File "/work/.venv/lib/python3.12/site-packages/cocotb/outcomes.py", line 36, in send
    return gen.send(self.value)
  File "/work/code/tests/test_sdtrig.py", line 510, in test_multiple_triggers
    dut._log.info("\u2713 Multiple triggers configured successfully")
Message: '\u2713 Multiple triggers configured successfully'
Arguments: ()
--- Logging error ---
Traceback (most recent call last):
  File "/usr/lib/python3.12/logging/__init__.py", line 1163, in emit
    stream.write(msg + self.terminator)
UnicodeEncodeError: 'ascii' codec can't encode character '\u2713' in position 56: ordinal not in range(128)
Call stack:
  File "/work/.venv/lib/python3.12/site-packages/cocotb/scheduler.py", line 385, in _react
    self._event_loop(trigger)
  File "/work/.venv/lib/python3.12/site-packages/cocotb/scheduler.py", line 488, in _event_loop
    self._schedule(coro, trigger=trigger)
  File "/work/.venv/lib/python3.12/site-packages/cocotb/scheduler.py", line 943, in _schedule
    result = coroutine._advance(send_outcome)
  File "/work/.venv/lib/python3.12/site-packages/cocotb/task.py", line 174, in _advance
    return outcome.send(self._coro)
  File "/work/.venv/lib/python3.12/site-packages/cocotb/outcomes.py", line 36, in send
    return gen.send(self.value)
  File "/work/code/tests/test_sdtrig.py", line 511, in test_multiple_triggers
    dut._log.info(f"\u2713 All 4 triggers configured without spurious firing")
Message: '\u2713 All 4 triggers configured without spurious firing'
Arguments: ()
  2490.01ns INFO     cocotb.regression                  test_multiple_triggers passed
  2490.01ns INFO     cocotb.regression                  running test_trigger_priority (7/8)
                                                          Test trigger priority over haltreq with direct CSR access.
  2590.01ns INFO     cocotb.core                        Testing trigger priority
  2610.01ns INFO     cocotb.core                        Configured trigger 0: tdata1=0x70001000
--- Logging error ---
Traceback (most recent call last):
  File "/usr/lib/python3.12/logging/__init__.py", line 1163, in emit
    stream.write(msg + self.terminator)
UnicodeEncodeError: 'ascii' codec can't encode character '\u2713' in position 56: ordinal not in range(128)
Call stack:
  File "/work/.venv/lib/python3.12/site-packages/cocotb/scheduler.py", line 385, in _react
    self._event_loop(trigger)
  File "/work/.venv/lib/python3.12/site-packages/cocotb/scheduler.py", line 488, in _event_loop
    self._schedule(coro, trigger=trigger)
  File "/work/.venv/lib/python3.12/site-packages/cocotb/scheduler.py", line 943, in _schedule
    result = coroutine._advance(send_outcome)
  File "/work/.venv/lib/python3.12/site-packages/cocotb/task.py", line 174, in _advance
    return outcome.send(self._coro)
  File "/work/.venv/lib/python3.12/site-packages/cocotb/outcomes.py", line 36, in send
    return gen.send(self.value)
  File "/work/code/tests/test_sdtrig.py", line 560, in test_trigger_priority
    dut._log.info(f"\u2713 Trigger has priority - debug_mode={debug_mode}")
Message: '\u2713 Trigger has priority - debug_mode=1'
Arguments: ()
--- Logging error ---
Traceback (most recent call last):
  File "/usr/lib/python3.12/logging/__init__.py", line 1163, in emit
    stream.write(msg + self.terminator)
UnicodeEncodeError: 'ascii' codec can't encode character '\u2713' in position 56: ordinal not in range(128)
Call stack:
  File "/work/.venv/lib/python3.12/site-packages/cocotb/scheduler.py", line 385, in _react
    self._event_loop(trigger)
  File "/work/.venv/lib/python3.12/site-packages/cocotb/scheduler.py", line 488, in _event_loop
    self._schedule(coro, trigger=trigger)
  File "/work/.venv/lib/python3.12/site-packages/cocotb/scheduler.py", line 943, in _schedule
    result = coroutine._advance(send_outcome)
  File "/work/.venv/lib/python3.12/site-packages/cocotb/task.py", line 174, in _advance
    return outcome.send(self._coro)
  File "/work/.venv/lib/python3.12/site-packages/cocotb/outcomes.py", line 36, in send
    return gen.send(self.value)
  File "/work/code/tests/test_sdtrig.py", line 576, in test_trigger_priority
    dut._log.info("\u2713 Trigger priority test passed")
Message: '\u2713 Trigger priority test passed'
Arguments: ()
  2670.01ns INFO     cocotb.regression                  test_trigger_priority passed
  2670.01ns INFO     cocotb.regression                  running test_trigger_in_debug_mode (8/8)
                                                          Test that triggers don't fire in debug mode with assertions.
  2770.01ns INFO     cocotb.core                        Testing trigger behavior in debug mode
--- Logging error ---
Traceback (most recent call last):
  File "/usr/lib/python3.12/logging/__init__.py", line 1163, in emit
    stream.write(msg + self.terminator)
UnicodeEncodeError: 'ascii' codec can't encode character '\u2713' in position 56: ordinal not in range(128)
Call stack:
  File "/work/.venv/lib/python3.12/site-packages/cocotb/scheduler.py", line 385, in _react
    self._event_loop(trigger)
  File "/work/.venv/lib/python3.12/site-packages/cocotb/scheduler.py", line 488, in _event_loop
    self._schedule(coro, trigger=trigger)
  File "/work/.venv/lib/python3.12/site-packages/cocotb/scheduler.py", line 943, in _schedule
    result = coroutine._advance(send_outcome)
  File "/work/.venv/lib/python3.12/site-packages/cocotb/task.py", line 174, in _advance
    return outcome.send(self._coro)
  File "/work/.venv/lib/python3.12/site-packages/cocotb/outcomes.py", line 36, in send
    return gen.send(self.value)
  File "/work/code/tests/test_sdtrig.py", line 600, in test_trigger_in_debug_mode
    dut._log.info(f"\u2713 Entered debug mode: {debug_mode_entered}")
Message: '\u2713 Entered debug mode: 1'
Arguments: ()
--- Logging error ---
Traceback (most recent call last):
  File "/usr/lib/python3.12/logging/__init__.py", line 1163, in emit
    stream.write(msg + self.terminator)
UnicodeEncodeError: 'ascii' codec can't encode character '\u2713' in position 56: ordinal not in range(128)
Call stack:
  File "/work/.venv/lib/python3.12/site-packages/cocotb/scheduler.py", line 385, in _react
    self._event_loop(trigger)
  File "/work/.venv/lib/python3.12/site-packages/cocotb/scheduler.py", line 488, in _event_loop
    self._schedule(coro, trigger=trigger)
  File "/work/.venv/lib/python3.12/site-packages/cocotb/scheduler.py", line 943, in _schedule
    result = coroutine._advance(send_outcome)
  File "/work/.venv/lib/python3.12/site-packages/cocotb/task.py", line 174, in _advance
    return outcome.send(self._coro)
  File "/work/.venv/lib/python3.12/site-packages/cocotb/outcomes.py", line 36, in send
    return gen.send(self.value)
  File "/work/code/tests/test_sdtrig.py", line 622, in test_trigger_in_debug_mode
    dut._log.info(f"\u2713 Trigger correctly suppressed in debug mode - " +
Message: '\u2713 Trigger correctly suppressed in debug mode - trigger_fire=0, debug_mode=1'
Arguments: ()
--- Logging error ---
Traceback (most recent call last):
  File "/usr/lib/python3.12/logging/__init__.py", line 1163, in emit
    stream.write(msg + self.terminator)
UnicodeEncodeError: 'ascii' codec can't encode character '\u2713' in position 56: ordinal not in range(128)
Call stack:
  File "/work/.venv/lib/python3.12/site-packages/cocotb/scheduler.py", line 385, in _react
    self._event_loop(trigger)
  File "/work/.venv/lib/python3.12/site-packages/cocotb/scheduler.py", line 488, in _event_loop
    self._schedule(coro, trigger=trigger)
  File "/work/.venv/lib/python3.12/site-packages/cocotb/scheduler.py", line 943, in _schedule
    result = coroutine._advance(send_outcome)
  File "/work/.venv/lib/python3.12/site-packages/cocotb/task.py", line 174, in _advance
    return outcome.send(self._coro)
  File "/work/.venv/lib/python3.12/site-packages/cocotb/outcomes.py", line 36, in send
    return gen.send(self.value)
  File "/work/code/tests/test_sdtrig.py", line 637, in test_trigger_in_debug_mode
    dut._log.info("\u2713 Trigger in debug mode test passed")
Message: '\u2713 Trigger in debug mode test passed'
Arguments: ()
  3060.01ns INFO     cocotb.regression                  test_trigger_in_debug_mode passed
  3060.01ns INFO     cocotb.regression                  ************************************************************************************************
                                                        ** TEST                                    STATUS  SIM TIME (ns)  REAL TIME (s)  RATIO (ns/s) **
                                                        ************************************************************************************************
                                                        ** test_sdtrig.test_trigger_csr_access      PASS         330.00           0.01      32212.16  **
                                                        ** test_sdtrig.test_execution_trigger       PASS         360.00           0.01      52195.15  **
                                                        ** test_sdtrig.test_trigger_fire_signal     PASS         290.00           0.01      44727.06  **
                                                        ** test_sdtrig.test_load_store_trigger      PASS         450.00           0.01      59182.27  **
                                                        ** test_sdtrig.test_external_trigger        PASS         190.00           0.01      28066.56  **
                                                        ** test_sdtrig.test_multiple_triggers       PASS         870.00           0.01      60783.03  **
                                                        ** test_sdtrig.test_trigger_priority        PASS         180.00           0.01      30171.40  **
                                                        ** test_sdtrig.test_trigger_in_debug_mode   PASS         390.00           0.01      42421.75  **
                                                        ************************************************************************************************
                                                        ** TESTS=8 PASS=8 FAIL=0 SKIP=0                         3060.01           0.08      37647.85  **
                                                        ************************************************************************************************
                                                        
- :0: Verilog $finish
make[1]: Leaving directory '/work/code/tests'
